c:\users\user\source\repos\injectedlib\debug\vc142.pdb
c:\users\user\source\repos\injectedlib\debug\vc142.idb
c:\users\user\source\repos\injectedlib\debug\dllmain.obj
c:\users\user\source\repos\injectedlib\debug\injectedlib.lib
c:\users\user\source\repos\injectedlib\debug\injectedlib.exp
c:\users\user\source\repos\injectedlib\debug\injectedlib.dll
c:\users\user\source\repos\injectedlib\debug\injectedlib.ilk
c:\users\user\source\repos\injectedlib\debug\injectedlib.pdb
c:\users\user\source\repos\injectedlib\debug\injectedlib.res
c:\users\user\source\repos\injectedlib\debug\hookinject.pdb
c:\users\user\source\repos\injectedlib\debug\injectedlib.tlog\cl.command.1.tlog
c:\users\user\source\repos\injectedlib\debug\injectedlib.tlog\cl.read.1.tlog
c:\users\user\source\repos\injectedlib\debug\injectedlib.tlog\cl.write.1.tlog
c:\users\user\source\repos\injectedlib\debug\injectedlib.tlog\injectedlib.write.1u.tlog
c:\users\user\source\repos\injectedlib\debug\injectedlib.tlog\link.4220.delete.1.tlog
c:\users\user\source\repos\injectedlib\debug\injectedlib.tlog\link.8844.delete.1.tlog
c:\users\user\source\repos\injectedlib\debug\injectedlib.tlog\link.command.1.tlog
c:\users\user\source\repos\injectedlib\debug\injectedlib.tlog\link.read.1.tlog
c:\users\user\source\repos\injectedlib\debug\injectedlib.tlog\link.write.1.tlog
c:\users\user\source\repos\injectedlib\debug\injectedlib.tlog\rc.command.1.tlog
c:\users\user\source\repos\injectedlib\debug\injectedlib.tlog\rc.read.1.tlog
c:\users\user\source\repos\injectedlib\debug\injectedlib.tlog\rc.write.1.tlog
